2021-01-05 12:17:41.128  INFO 10828 --- [main] com.concatel.exam2.Exam2Application      : Starting Exam2Application using Java 1.8.0_181 on DESKTOP-CPVS42F with PID 10828 (C:\workspace\exam2\target\classes started by carlos pc in C:\workspace\exam2)
2021-01-05 12:17:41.139  INFO 10828 --- [main] com.concatel.exam2.Exam2Application      : No active profile set, falling back to default profiles: default
2021-01-05 12:17:41.782  INFO 10828 --- [main] .s.d.r.c.RepositoryConfigurationDelegate : Bootstrapping Spring Data JPA repositories in DEFAULT mode.
2021-01-05 12:17:41.801  INFO 10828 --- [main] .s.d.r.c.RepositoryConfigurationDelegate : Finished Spring Data repository scanning in 8 ms. Found 0 JPA repository interfaces.
2021-01-05 12:17:42.159  INFO 10828 --- [main] trationDelegate$BeanPostProcessorChecker : Bean 'org.springframework.hateoas.config.HateoasConfiguration' of type [org.springframework.hateoas.config.HateoasConfiguration] is not eligible for getting processed by all BeanPostProcessors (for example: not eligible for auto-proxying)
2021-01-05 12:17:42.164  INFO 10828 --- [main] trationDelegate$BeanPostProcessorChecker : Bean 'relProviderPluginRegistry' of type [org.springframework.plugin.core.support.PluginRegistryFactoryBean] is not eligible for getting processed by all BeanPostProcessors (for example: not eligible for auto-proxying)
2021-01-05 12:17:42.172  INFO 10828 --- [main] trationDelegate$BeanPostProcessorChecker : Bean 'relProviderPluginRegistry' of type [org.springframework.plugin.core.OrderAwarePluginRegistry] is not eligible for getting processed by all BeanPostProcessors (for example: not eligible for auto-proxying)
2021-01-05 12:17:42.175  INFO 10828 --- [main] trationDelegate$BeanPostProcessorChecker : Bean '_relProvider' of type [org.springframework.hateoas.server.core.DelegatingLinkRelationProvider] is not eligible for getting processed by all BeanPostProcessors (for example: not eligible for auto-proxying)
2021-01-05 12:17:42.180  INFO 10828 --- [main] trationDelegate$BeanPostProcessorChecker : Bean 'messageResolver' of type [org.springframework.hateoas.mediatype.MessageSourceResolver] is not eligible for getting processed by all BeanPostProcessors (for example: not eligible for auto-proxying)
2021-01-05 12:17:42.181  INFO 10828 --- [main] trationDelegate$BeanPostProcessorChecker : Bean 'org.springframework.data.web.config.SpringDataJacksonConfiguration' of type [org.springframework.data.web.config.SpringDataJacksonConfiguration] is not eligible for getting processed by all BeanPostProcessors (for example: not eligible for auto-proxying)
2021-01-05 12:17:42.186  INFO 10828 --- [main] trationDelegate$BeanPostProcessorChecker : Bean 'jacksonGeoModule' of type [org.springframework.data.geo.GeoModule] is not eligible for getting processed by all BeanPostProcessors (for example: not eligible for auto-proxying)
2021-01-05 12:17:42.196  INFO 10828 --- [main] trationDelegate$BeanPostProcessorChecker : Bean 'org.springframework.boot.autoconfigure.data.rest.RepositoryRestMvcAutoConfiguration' of type [org.springframework.boot.autoconfigure.data.rest.RepositoryRestMvcAutoConfiguration] is not eligible for getting processed by all BeanPostProcessors (for example: not eligible for auto-proxying)
2021-01-05 12:17:42.198  INFO 10828 --- [main] trationDelegate$BeanPostProcessorChecker : Bean 'org.springframework.boot.autoconfigure.jackson.JacksonAutoConfiguration$JacksonObjectMapperBuilderConfiguration' of type [org.springframework.boot.autoconfigure.jackson.JacksonAutoConfiguration$JacksonObjectMapperBuilderConfiguration] is not eligible for getting processed by all BeanPostProcessors (for example: not eligible for auto-proxying)
2021-01-05 12:17:42.199  INFO 10828 --- [main] trationDelegate$BeanPostProcessorChecker : Bean 'org.springframework.boot.autoconfigure.jackson.JacksonAutoConfiguration$Jackson2ObjectMapperBuilderCustomizerConfiguration' of type [org.springframework.boot.autoconfigure.jackson.JacksonAutoConfiguration$Jackson2ObjectMapperBuilderCustomizerConfiguration] is not eligible for getting processed by all BeanPostProcessors (for example: not eligible for auto-proxying)
2021-01-05 12:17:42.210  INFO 10828 --- [main] trationDelegate$BeanPostProcessorChecker : Bean 'spring.jackson-org.springframework.boot.autoconfigure.jackson.JacksonProperties' of type [org.springframework.boot.autoconfigure.jackson.JacksonProperties] is not eligible for getting processed by all BeanPostProcessors (for example: not eligible for auto-proxying)
2021-01-05 12:17:42.211  INFO 10828 --- [main] trationDelegate$BeanPostProcessorChecker : Bean 'standardJacksonObjectMapperBuilderCustomizer' of type [org.springframework.boot.autoconfigure.jackson.JacksonAutoConfiguration$Jackson2ObjectMapperBuilderCustomizerConfiguration$StandardJackson2ObjectMapperBuilderCustomizer] is not eligible for getting processed by all BeanPostProcessors (for example: not eligible for auto-proxying)
2021-01-05 12:17:42.213  INFO 10828 --- [main] trationDelegate$BeanPostProcessorChecker : Bean 'org.springframework.boot.autoconfigure.jackson.JacksonAutoConfiguration$ParameterNamesModuleConfiguration' of type [org.springframework.boot.autoconfigure.jackson.JacksonAutoConfiguration$ParameterNamesModuleConfiguration] is not eligible for getting processed by all BeanPostProcessors (for example: not eligible for auto-proxying)
2021-01-05 12:17:42.215  INFO 10828 --- [main] trationDelegate$BeanPostProcessorChecker : Bean 'parameterNamesModule' of type [com.fasterxml.jackson.module.paramnames.ParameterNamesModule] is not eligible for getting processed by all BeanPostProcessors (for example: not eligible for auto-proxying)
2021-01-05 12:17:42.216  INFO 10828 --- [main] trationDelegate$BeanPostProcessorChecker : Bean 'org.springframework.boot.autoconfigure.jackson.JacksonAutoConfiguration' of type [org.springframework.boot.autoconfigure.jackson.JacksonAutoConfiguration] is not eligible for getting processed by all BeanPostProcessors (for example: not eligible for auto-proxying)
2021-01-05 12:17:42.220  INFO 10828 --- [main] trationDelegate$BeanPostProcessorChecker : Bean 'jsonComponentModule' of type [org.springframework.boot.jackson.JsonComponentModule] is not eligible for getting processed by all BeanPostProcessors (for example: not eligible for auto-proxying)
2021-01-05 12:17:42.222  INFO 10828 --- [main] trationDelegate$BeanPostProcessorChecker : Bean 'jacksonObjectMapperBuilder' of type [org.springframework.http.converter.json.Jackson2ObjectMapperBuilder] is not eligible for getting processed by all BeanPostProcessors (for example: not eligible for auto-proxying)
2021-01-05 12:17:42.226  INFO 10828 --- [main] trationDelegate$BeanPostProcessorChecker : Bean 'spring.data.rest-org.springframework.boot.autoconfigure.data.rest.RepositoryRestProperties' of type [org.springframework.boot.autoconfigure.data.rest.RepositoryRestProperties] is not eligible for getting processed by all BeanPostProcessors (for example: not eligible for auto-proxying)
2021-01-05 12:17:42.227  INFO 10828 --- [main] trationDelegate$BeanPostProcessorChecker : Bean 'springBootRepositoryRestConfigurer' of type [org.springframework.boot.autoconfigure.data.rest.SpringBootRepositoryRestConfigurer] is not eligible for getting processed by all BeanPostProcessors (for example: not eligible for auto-proxying)
2021-01-05 12:17:42.227  INFO 10828 --- [main] trationDelegate$BeanPostProcessorChecker : Bean 'configurerDelegate' of type [org.springframework.data.rest.webmvc.config.RepositoryRestConfigurerDelegate] is not eligible for getting processed by all BeanPostProcessors (for example: not eligible for auto-proxying)
2021-01-05 12:17:42.232  INFO 10828 --- [main] trationDelegate$BeanPostProcessorChecker : Bean 'org.springframework.boot.autoconfigure.http.HttpMessageConvertersAutoConfiguration$StringHttpMessageConverterConfiguration' of type [org.springframework.boot.autoconfigure.http.HttpMessageConvertersAutoConfiguration$StringHttpMessageConverterConfiguration] is not eligible for getting processed by all BeanPostProcessors (for example: not eligible for auto-proxying)
2021-01-05 12:17:42.236  INFO 10828 --- [main] trationDelegate$BeanPostProcessorChecker : Bean 'stringHttpMessageConverter' of type [org.springframework.http.converter.StringHttpMessageConverter] is not eligible for getting processed by all BeanPostProcessors (for example: not eligible for auto-proxying)
2021-01-05 12:17:42.237  INFO 10828 --- [main] trationDelegate$BeanPostProcessorChecker : Bean 'org.springframework.boot.autoconfigure.http.JacksonHttpMessageConvertersConfiguration$MappingJackson2HttpMessageConverterConfiguration' of type [org.springframework.boot.autoconfigure.http.JacksonHttpMessageConvertersConfiguration$MappingJackson2HttpMessageConverterConfiguration] is not eligible for getting processed by all BeanPostProcessors (for example: not eligible for auto-proxying)
2021-01-05 12:17:42.238  INFO 10828 --- [main] trationDelegate$BeanPostProcessorChecker : Bean 'org.springframework.boot.autoconfigure.jackson.JacksonAutoConfiguration$JacksonObjectMapperConfiguration' of type [org.springframework.boot.autoconfigure.jackson.JacksonAutoConfiguration$JacksonObjectMapperConfiguration] is not eligible for getting processed by all BeanPostProcessors (for example: not eligible for auto-proxying)
2021-01-05 12:17:42.242  INFO 10828 --- [main] trationDelegate$BeanPostProcessorChecker : Bean 'jacksonObjectMapperBuilder' of type [org.springframework.http.converter.json.Jackson2ObjectMapperBuilder] is not eligible for getting processed by all BeanPostProcessors (for example: not eligible for auto-proxying)
2021-01-05 12:17:42.254  INFO 10828 --- [main] trationDelegate$BeanPostProcessorChecker : Bean 'jacksonObjectMapper' of type [com.fasterxml.jackson.databind.ObjectMapper] is not eligible for getting processed by all BeanPostProcessors (for example: not eligible for auto-proxying)
2021-01-05 12:17:42.262  INFO 10828 --- [main] trationDelegate$BeanPostProcessorChecker : Bean 'mappingJackson2HttpMessageConverter' of type [org.springframework.http.converter.json.MappingJackson2HttpMessageConverter] is not eligible for getting processed by all BeanPostProcessors (for example: not eligible for auto-proxying)
2021-01-05 12:17:42.263  INFO 10828 --- [main] trationDelegate$BeanPostProcessorChecker : Bean 'org.springframework.data.rest.webmvc.config.RepositoryRestMvcConfiguration' of type [org.springframework.data.rest.webmvc.config.RepositoryRestMvcConfiguration] is not eligible for getting processed by all BeanPostProcessors (for example: not eligible for auto-proxying)
2021-01-05 12:17:42.534  INFO 10828 --- [main] o.s.b.w.embedded.tomcat.TomcatWebServer  : Tomcat initialized with port(s): 8008 (http)
2021-01-05 12:17:42.543  INFO 10828 --- [main] o.apache.catalina.core.StandardService   : Starting service [Tomcat]
2021-01-05 12:17:42.544  INFO 10828 --- [main] org.apache.catalina.core.StandardEngine  : Starting Servlet engine: [Apache Tomcat/9.0.41]
2021-01-05 12:17:42.652  INFO 10828 --- [main] o.a.c.c.C.[Tomcat].[localhost].[/]       : Initializing Spring embedded WebApplicationContext
2021-01-05 12:17:42.652  INFO 10828 --- [main] w.s.c.ServletWebServerApplicationContext : Root WebApplicationContext: initialization completed in 1467 ms
2021-01-05 12:17:42.716  INFO 10828 --- [main] com.zaxxer.hikari.HikariDataSource       : HikariPool-1 - Starting...
2021-01-05 12:17:42.964  INFO 10828 --- [main] com.zaxxer.hikari.HikariDataSource       : HikariPool-1 - Start completed.
2021-01-05 12:17:42.972  INFO 10828 --- [main] o.s.b.a.h2.H2ConsoleAutoConfiguration    : H2 console available at '/h2'. Database available at 'jdbc:h2:mem:testdb'
2021-01-05 12:17:43.208  INFO 10828 --- [main] o.hibernate.jpa.internal.util.LogHelper  : HHH000204: Processing PersistenceUnitInfo [name: default]
2021-01-05 12:17:43.273  INFO 10828 --- [main] org.hibernate.Version                    : HHH000412: Hibernate ORM core version 5.4.25.Final
2021-01-05 12:17:43.451  INFO 10828 --- [main] o.hibernate.annotations.common.Version   : HCANN000001: Hibernate Commons Annotations {5.1.2.Final}
2021-01-05 12:17:43.601  INFO 10828 --- [main] org.hibernate.dialect.Dialect            : HHH000400: Using dialect: org.hibernate.dialect.H2Dialect
2021-01-05 12:17:44.302 DEBUG 10828 --- [main] org.hibernate.SQL                        : drop table if exists dispositivo CASCADE 
2021-01-05 12:17:44.306 DEBUG 10828 --- [main] org.hibernate.SQL                        : create table dispositivo (id_dispositivo bigint generated by default as identity, valor_actual integer, valor_inicial integer, primary key (id_dispositivo))
2021-01-05 12:17:44.316  INFO 10828 --- [main] o.h.e.t.j.p.i.JtaPlatformInitiator       : HHH000490: Using JtaPlatform implementation: [org.hibernate.engine.transaction.jta.platform.internal.NoJtaPlatform]
2021-01-05 12:17:44.326  INFO 10828 --- [main] j.LocalContainerEntityManagerFactoryBean : Initialized JPA EntityManagerFactory for persistence unit 'default'
2021-01-05 12:17:47.691  WARN 10828 --- [main] JpaBaseConfiguration$JpaWebConfiguration : spring.jpa.open-in-view is enabled by default. Therefore, database queries may be performed during view rendering. Explicitly configure spring.jpa.open-in-view to disable this warning
2021-01-05 12:17:49.997  INFO 10828 --- [main] o.s.s.concurrent.ThreadPoolTaskExecutor  : Initializing ExecutorService 'applicationTaskExecutor'
2021-01-05 12:17:54.995  INFO 10828 --- [main] o.s.b.w.embedded.tomcat.TomcatWebServer  : Tomcat started on port(s): 8008 (http) with context path ''
2021-01-05 12:17:55.079  INFO 10828 --- [main] com.concatel.exam2.Exam2Application      : Started Exam2Application in 14.379 seconds (JVM running for 15.563)
2021-01-05 12:18:00.651  INFO 10828 --- [http-nio-8008-exec-2] o.a.c.c.C.[Tomcat].[localhost].[/]       : Initializing Spring DispatcherServlet 'dispatcherServlet'
2021-01-05 12:18:00.652  INFO 10828 --- [http-nio-8008-exec-2] o.s.web.servlet.DispatcherServlet        : Initializing Servlet 'dispatcherServlet'
2021-01-05 12:18:00.682  INFO 10828 --- [http-nio-8008-exec-2] o.s.web.servlet.DispatcherServlet        : Completed initialization in 29 ms
2021-01-05 12:18:01.682  INFO 10828 --- [http-nio-8008-exec-2] j.bytecode.stackmap.TypeData$ClassName   : inicio metodo update 
2021-01-05 12:18:19.880  INFO 10828 --- [http-nio-8008-exec-2] j.bytecode.stackmap.TypeData$ClassName   : inicio metodo valorInicial 
2021-01-05 12:18:24.513  INFO 10828 --- [http-nio-8008-exec-2] j.bytecode.stackmap.TypeData$ClassName   : fin metodo valorInicial 
2021-01-05 12:18:35.070  INFO 10828 --- [http-nio-8008-exec-3] j.bytecode.stackmap.TypeData$ClassName   : inicio metodo create 
2021-01-05 12:18:38.688  INFO 10828 --- [http-nio-8008-exec-3] j.bytecode.stackmap.TypeData$ClassName   : inicio metodo start 
2021-01-05 12:19:03.967  INFO 10828 --- [http-nio-8008-exec-3] j.bytecode.stackmap.TypeData$ClassName   : fin metodo start 
2021-01-05 12:24:24.840  INFO 10828 --- [http-nio-8008-exec-6] j.bytecode.stackmap.TypeData$ClassName   : inicio metodo valorActual 
2021-01-05 12:24:24.840  INFO 10828 --- [http-nio-8008-exec-6] j.bytecode.stackmap.TypeData$ClassName   : inicio metodo valorActual 
2021-01-05 12:24:30.632  INFO 10828 --- [http-nio-8008-exec-7] j.bytecode.stackmap.TypeData$ClassName   : inicio metodo create 
2021-01-05 12:24:30.633  INFO 10828 --- [http-nio-8008-exec-7] j.bytecode.stackmap.TypeData$ClassName   : inicio metodo start 
2021-01-05 12:24:34.344  INFO 10828 --- [http-nio-8008-exec-8] j.bytecode.stackmap.TypeData$ClassName   : inicio metodo valorActual 
2021-01-05 12:24:34.345  INFO 10828 --- [http-nio-8008-exec-8] j.bytecode.stackmap.TypeData$ClassName   : inicio metodo valorActual 
2021-01-05 12:24:35.314  INFO 10828 --- [http-nio-8008-exec-10] j.bytecode.stackmap.TypeData$ClassName   : inicio metodo valorActual 
2021-01-05 12:24:35.315  INFO 10828 --- [http-nio-8008-exec-10] j.bytecode.stackmap.TypeData$ClassName   : inicio metodo valorActual 
2021-01-05 12:24:36.166  INFO 10828 --- [http-nio-8008-exec-1] j.bytecode.stackmap.TypeData$ClassName   : inicio metodo valorActual 
2021-01-05 12:24:36.166  INFO 10828 --- [http-nio-8008-exec-1] j.bytecode.stackmap.TypeData$ClassName   : inicio metodo valorActual 
2021-01-05 12:24:38.260  INFO 10828 --- [http-nio-8008-exec-2] j.bytecode.stackmap.TypeData$ClassName   : inicio metodo valorActual 
2021-01-05 12:24:38.260  INFO 10828 --- [http-nio-8008-exec-2] j.bytecode.stackmap.TypeData$ClassName   : inicio metodo valorActual 
2021-01-05 12:24:40.852  INFO 10828 --- [http-nio-8008-exec-3] j.bytecode.stackmap.TypeData$ClassName   : inicio metodo valorActual 
2021-01-05 12:24:40.853  INFO 10828 --- [http-nio-8008-exec-3] j.bytecode.stackmap.TypeData$ClassName   : inicio metodo valorActual 
2021-01-05 12:24:41.943  INFO 10828 --- [http-nio-8008-exec-4] j.bytecode.stackmap.TypeData$ClassName   : inicio metodo valorActual 
2021-01-05 12:24:41.944  INFO 10828 --- [http-nio-8008-exec-4] j.bytecode.stackmap.TypeData$ClassName   : inicio metodo valorActual 
2021-01-05 12:24:42.751  INFO 10828 --- [http-nio-8008-exec-5] j.bytecode.stackmap.TypeData$ClassName   : inicio metodo valorActual 
2021-01-05 12:24:42.752  INFO 10828 --- [http-nio-8008-exec-5] j.bytecode.stackmap.TypeData$ClassName   : inicio metodo valorActual 
2021-01-05 12:24:43.489  INFO 10828 --- [http-nio-8008-exec-6] j.bytecode.stackmap.TypeData$ClassName   : inicio metodo valorActual 
2021-01-05 12:24:43.490  INFO 10828 --- [http-nio-8008-exec-6] j.bytecode.stackmap.TypeData$ClassName   : inicio metodo valorActual 
2021-01-05 12:24:44.156  INFO 10828 --- [http-nio-8008-exec-8] j.bytecode.stackmap.TypeData$ClassName   : inicio metodo valorActual 
2021-01-05 12:24:44.156  INFO 10828 --- [http-nio-8008-exec-8] j.bytecode.stackmap.TypeData$ClassName   : inicio metodo valorActual 
2021-01-05 12:24:45.009  INFO 10828 --- [http-nio-8008-exec-9] j.bytecode.stackmap.TypeData$ClassName   : inicio metodo valorActual 
2021-01-05 12:24:45.009  INFO 10828 --- [http-nio-8008-exec-9] j.bytecode.stackmap.TypeData$ClassName   : inicio metodo valorActual 
2021-01-05 12:24:45.805  INFO 10828 --- [http-nio-8008-exec-10] j.bytecode.stackmap.TypeData$ClassName   : inicio metodo valorActual 
2021-01-05 12:24:45.806  INFO 10828 --- [http-nio-8008-exec-10] j.bytecode.stackmap.TypeData$ClassName   : inicio metodo valorActual 
2021-01-05 12:24:46.631  INFO 10828 --- [http-nio-8008-exec-1] j.bytecode.stackmap.TypeData$ClassName   : inicio metodo valorActual 
2021-01-05 12:24:46.632  INFO 10828 --- [http-nio-8008-exec-1] j.bytecode.stackmap.TypeData$ClassName   : inicio metodo valorActual 
2021-01-05 12:24:46.639  INFO 10828 --- [http-nio-8008-exec-7] j.bytecode.stackmap.TypeData$ClassName   : fin metodo start 
2021-01-05 12:24:47.530  INFO 10828 --- [http-nio-8008-exec-2] j.bytecode.stackmap.TypeData$ClassName   : inicio metodo valorActual 
2021-01-05 12:24:47.530  INFO 10828 --- [http-nio-8008-exec-2] j.bytecode.stackmap.TypeData$ClassName   : inicio metodo valorActual 
2021-01-05 12:24:48.473  INFO 10828 --- [http-nio-8008-exec-3] j.bytecode.stackmap.TypeData$ClassName   : inicio metodo valorActual 
2021-01-05 12:24:48.473  INFO 10828 --- [http-nio-8008-exec-3] j.bytecode.stackmap.TypeData$ClassName   : inicio metodo valorActual 
2021-01-05 12:24:49.356  INFO 10828 --- [http-nio-8008-exec-4] j.bytecode.stackmap.TypeData$ClassName   : inicio metodo valorActual 
2021-01-05 12:24:49.357  INFO 10828 --- [http-nio-8008-exec-4] j.bytecode.stackmap.TypeData$ClassName   : inicio metodo valorActual 
2021-01-05 12:41:31.920  INFO 1276 --- [main] c.concatel.exam2.Exam2ApplicationTests   : Starting Exam2ApplicationTests using Java 1.8.0_181 on DESKTOP-CPVS42F with PID 1276 (started by carlos pc in C:\workspace\exam2)
2021-01-05 12:41:31.923  INFO 1276 --- [main] c.concatel.exam2.Exam2ApplicationTests   : No active profile set, falling back to default profiles: default
2021-01-05 12:41:32.650  INFO 1276 --- [main] .s.d.r.c.RepositoryConfigurationDelegate : Bootstrapping Spring Data JPA repositories in DEFAULT mode.
2021-01-05 12:41:32.680  INFO 1276 --- [main] .s.d.r.c.RepositoryConfigurationDelegate : Finished Spring Data repository scanning in 16 ms. Found 0 JPA repository interfaces.
2021-01-05 12:41:33.153  INFO 1276 --- [main] trationDelegate$BeanPostProcessorChecker : Bean 'org.springframework.hateoas.config.HateoasConfiguration' of type [org.springframework.hateoas.config.HateoasConfiguration] is not eligible for getting processed by all BeanPostProcessors (for example: not eligible for auto-proxying)
2021-01-05 12:41:33.163  INFO 1276 --- [main] trationDelegate$BeanPostProcessorChecker : Bean 'relProviderPluginRegistry' of type [org.springframework.plugin.core.support.PluginRegistryFactoryBean] is not eligible for getting processed by all BeanPostProcessors (for example: not eligible for auto-proxying)
2021-01-05 12:41:33.171  INFO 1276 --- [main] trationDelegate$BeanPostProcessorChecker : Bean 'relProviderPluginRegistry' of type [org.springframework.plugin.core.OrderAwarePluginRegistry] is not eligible for getting processed by all BeanPostProcessors (for example: not eligible for auto-proxying)
2021-01-05 12:41:33.181  INFO 1276 --- [main] trationDelegate$BeanPostProcessorChecker : Bean '_relProvider' of type [org.springframework.hateoas.server.core.DelegatingLinkRelationProvider] is not eligible for getting processed by all BeanPostProcessors (for example: not eligible for auto-proxying)
2021-01-05 12:41:33.193  INFO 1276 --- [main] trationDelegate$BeanPostProcessorChecker : Bean 'messageResolver' of type [org.springframework.hateoas.mediatype.MessageSourceResolver] is not eligible for getting processed by all BeanPostProcessors (for example: not eligible for auto-proxying)
2021-01-05 12:41:33.198  INFO 1276 --- [main] trationDelegate$BeanPostProcessorChecker : Bean 'org.springframework.data.web.config.SpringDataJacksonConfiguration' of type [org.springframework.data.web.config.SpringDataJacksonConfiguration] is not eligible for getting processed by all BeanPostProcessors (for example: not eligible for auto-proxying)
2021-01-05 12:41:33.212  INFO 1276 --- [main] trationDelegate$BeanPostProcessorChecker : Bean 'jacksonGeoModule' of type [org.springframework.data.geo.GeoModule] is not eligible for getting processed by all BeanPostProcessors (for example: not eligible for auto-proxying)
2021-01-05 12:41:33.230  INFO 1276 --- [main] trationDelegate$BeanPostProcessorChecker : Bean 'org.springframework.boot.autoconfigure.data.rest.RepositoryRestMvcAutoConfiguration' of type [org.springframework.boot.autoconfigure.data.rest.RepositoryRestMvcAutoConfiguration] is not eligible for getting processed by all BeanPostProcessors (for example: not eligible for auto-proxying)
2021-01-05 12:41:33.235  INFO 1276 --- [main] trationDelegate$BeanPostProcessorChecker : Bean 'org.springframework.boot.autoconfigure.jackson.JacksonAutoConfiguration$JacksonObjectMapperBuilderConfiguration' of type [org.springframework.boot.autoconfigure.jackson.JacksonAutoConfiguration$JacksonObjectMapperBuilderConfiguration] is not eligible for getting processed by all BeanPostProcessors (for example: not eligible for auto-proxying)
2021-01-05 12:41:33.238  INFO 1276 --- [main] trationDelegate$BeanPostProcessorChecker : Bean 'org.springframework.boot.autoconfigure.jackson.JacksonAutoConfiguration$Jackson2ObjectMapperBuilderCustomizerConfiguration' of type [org.springframework.boot.autoconfigure.jackson.JacksonAutoConfiguration$Jackson2ObjectMapperBuilderCustomizerConfiguration] is not eligible for getting processed by all BeanPostProcessors (for example: not eligible for auto-proxying)
2021-01-05 12:41:33.254  INFO 1276 --- [main] trationDelegate$BeanPostProcessorChecker : Bean 'spring.jackson-org.springframework.boot.autoconfigure.jackson.JacksonProperties' of type [org.springframework.boot.autoconfigure.jackson.JacksonProperties] is not eligible for getting processed by all BeanPostProcessors (for example: not eligible for auto-proxying)
2021-01-05 12:41:33.259  INFO 1276 --- [main] trationDelegate$BeanPostProcessorChecker : Bean 'standardJacksonObjectMapperBuilderCustomizer' of type [org.springframework.boot.autoconfigure.jackson.JacksonAutoConfiguration$Jackson2ObjectMapperBuilderCustomizerConfiguration$StandardJackson2ObjectMapperBuilderCustomizer] is not eligible for getting processed by all BeanPostProcessors (for example: not eligible for auto-proxying)
2021-01-05 12:41:33.264  INFO 1276 --- [main] trationDelegate$BeanPostProcessorChecker : Bean 'org.springframework.boot.autoconfigure.jackson.JacksonAutoConfiguration$ParameterNamesModuleConfiguration' of type [org.springframework.boot.autoconfigure.jackson.JacksonAutoConfiguration$ParameterNamesModuleConfiguration] is not eligible for getting processed by all BeanPostProcessors (for example: not eligible for auto-proxying)
2021-01-05 12:41:33.268  INFO 1276 --- [main] trationDelegate$BeanPostProcessorChecker : Bean 'parameterNamesModule' of type [com.fasterxml.jackson.module.paramnames.ParameterNamesModule] is not eligible for getting processed by all BeanPostProcessors (for example: not eligible for auto-proxying)
2021-01-05 12:41:33.271  INFO 1276 --- [main] trationDelegate$BeanPostProcessorChecker : Bean 'org.springframework.boot.autoconfigure.jackson.JacksonAutoConfiguration' of type [org.springframework.boot.autoconfigure.jackson.JacksonAutoConfiguration] is not eligible for getting processed by all BeanPostProcessors (for example: not eligible for auto-proxying)
2021-01-05 12:41:33.281  INFO 1276 --- [main] trationDelegate$BeanPostProcessorChecker : Bean 'jsonComponentModule' of type [org.springframework.boot.jackson.JsonComponentModule] is not eligible for getting processed by all BeanPostProcessors (for example: not eligible for auto-proxying)
2021-01-05 12:41:33.286  INFO 1276 --- [main] trationDelegate$BeanPostProcessorChecker : Bean 'jacksonObjectMapperBuilder' of type [org.springframework.http.converter.json.Jackson2ObjectMapperBuilder] is not eligible for getting processed by all BeanPostProcessors (for example: not eligible for auto-proxying)
2021-01-05 12:41:33.294  INFO 1276 --- [main] trationDelegate$BeanPostProcessorChecker : Bean 'spring.data.rest-org.springframework.boot.autoconfigure.data.rest.RepositoryRestProperties' of type [org.springframework.boot.autoconfigure.data.rest.RepositoryRestProperties] is not eligible for getting processed by all BeanPostProcessors (for example: not eligible for auto-proxying)
2021-01-05 12:41:33.295  INFO 1276 --- [main] trationDelegate$BeanPostProcessorChecker : Bean 'springBootRepositoryRestConfigurer' of type [org.springframework.boot.autoconfigure.data.rest.SpringBootRepositoryRestConfigurer] is not eligible for getting processed by all BeanPostProcessors (for example: not eligible for auto-proxying)
2021-01-05 12:41:33.299  INFO 1276 --- [main] trationDelegate$BeanPostProcessorChecker : Bean 'configurerDelegate' of type [org.springframework.data.rest.webmvc.config.RepositoryRestConfigurerDelegate] is not eligible for getting processed by all BeanPostProcessors (for example: not eligible for auto-proxying)
2021-01-05 12:41:33.307  INFO 1276 --- [main] trationDelegate$BeanPostProcessorChecker : Bean 'org.springframework.boot.autoconfigure.http.HttpMessageConvertersAutoConfiguration$StringHttpMessageConverterConfiguration' of type [org.springframework.boot.autoconfigure.http.HttpMessageConvertersAutoConfiguration$StringHttpMessageConverterConfiguration] is not eligible for getting processed by all BeanPostProcessors (for example: not eligible for auto-proxying)
2021-01-05 12:41:33.318  INFO 1276 --- [main] trationDelegate$BeanPostProcessorChecker : Bean 'stringHttpMessageConverter' of type [org.springframework.http.converter.StringHttpMessageConverter] is not eligible for getting processed by all BeanPostProcessors (for example: not eligible for auto-proxying)
2021-01-05 12:41:33.321  INFO 1276 --- [main] trationDelegate$BeanPostProcessorChecker : Bean 'org.springframework.boot.autoconfigure.http.JacksonHttpMessageConvertersConfiguration$MappingJackson2HttpMessageConverterConfiguration' of type [org.springframework.boot.autoconfigure.http.JacksonHttpMessageConvertersConfiguration$MappingJackson2HttpMessageConverterConfiguration] is not eligible for getting processed by all BeanPostProcessors (for example: not eligible for auto-proxying)
2021-01-05 12:41:33.325  INFO 1276 --- [main] trationDelegate$BeanPostProcessorChecker : Bean 'org.springframework.boot.autoconfigure.jackson.JacksonAutoConfiguration$JacksonObjectMapperConfiguration' of type [org.springframework.boot.autoconfigure.jackson.JacksonAutoConfiguration$JacksonObjectMapperConfiguration] is not eligible for getting processed by all BeanPostProcessors (for example: not eligible for auto-proxying)
2021-01-05 12:41:33.330  INFO 1276 --- [main] trationDelegate$BeanPostProcessorChecker : Bean 'jacksonObjectMapperBuilder' of type [org.springframework.http.converter.json.Jackson2ObjectMapperBuilder] is not eligible for getting processed by all BeanPostProcessors (for example: not eligible for auto-proxying)
2021-01-05 12:41:33.355  INFO 1276 --- [main] trationDelegate$BeanPostProcessorChecker : Bean 'jacksonObjectMapper' of type [com.fasterxml.jackson.databind.ObjectMapper] is not eligible for getting processed by all BeanPostProcessors (for example: not eligible for auto-proxying)
2021-01-05 12:41:33.366  INFO 1276 --- [main] trationDelegate$BeanPostProcessorChecker : Bean 'mappingJackson2HttpMessageConverter' of type [org.springframework.http.converter.json.MappingJackson2HttpMessageConverter] is not eligible for getting processed by all BeanPostProcessors (for example: not eligible for auto-proxying)
2021-01-05 12:41:33.367  INFO 1276 --- [main] trationDelegate$BeanPostProcessorChecker : Bean 'org.springframework.data.rest.webmvc.config.RepositoryRestMvcConfiguration' of type [org.springframework.data.rest.webmvc.config.RepositoryRestMvcConfiguration] is not eligible for getting processed by all BeanPostProcessors (for example: not eligible for auto-proxying)
2021-01-05 12:41:33.561  INFO 1276 --- [main] com.zaxxer.hikari.HikariDataSource       : HikariPool-1 - Starting...
2021-01-05 12:41:33.817  INFO 1276 --- [main] com.zaxxer.hikari.HikariDataSource       : HikariPool-1 - Start completed.
2021-01-05 12:41:33.895  INFO 1276 --- [main] o.hibernate.jpa.internal.util.LogHelper  : HHH000204: Processing PersistenceUnitInfo [name: default]
2021-01-05 12:41:33.963  INFO 1276 --- [main] org.hibernate.Version                    : HHH000412: Hibernate ORM core version 5.4.25.Final
2021-01-05 12:41:34.123  INFO 1276 --- [main] o.hibernate.annotations.common.Version   : HCANN000001: Hibernate Commons Annotations {5.1.2.Final}
2021-01-05 12:41:34.563  INFO 1276 --- [main] org.hibernate.dialect.Dialect            : HHH000400: Using dialect: org.hibernate.dialect.H2Dialect
2021-01-05 12:41:35.178 DEBUG 1276 --- [main] org.hibernate.SQL                        : drop table if exists dispositivo CASCADE 
2021-01-05 12:41:35.182 DEBUG 1276 --- [main] org.hibernate.SQL                        : create table dispositivo (id_dispositivo bigint generated by default as identity, valor_actual integer, valor_inicial integer, primary key (id_dispositivo))
2021-01-05 12:41:35.191  INFO 1276 --- [main] o.h.e.t.j.p.i.JtaPlatformInitiator       : HHH000490: Using JtaPlatform implementation: [org.hibernate.engine.transaction.jta.platform.internal.NoJtaPlatform]
2021-01-05 12:41:35.200  INFO 1276 --- [main] j.LocalContainerEntityManagerFactoryBean : Initialized JPA EntityManagerFactory for persistence unit 'default'
2021-01-05 12:41:35.466  WARN 1276 --- [main] JpaBaseConfiguration$JpaWebConfiguration : spring.jpa.open-in-view is enabled by default. Therefore, database queries may be performed during view rendering. Explicitly configure spring.jpa.open-in-view to disable this warning
2021-01-05 12:41:35.820  INFO 1276 --- [main] o.s.s.concurrent.ThreadPoolTaskExecutor  : Initializing ExecutorService 'applicationTaskExecutor'
2021-01-05 12:41:35.889  INFO 1276 --- [main] o.s.b.a.h2.H2ConsoleAutoConfiguration    : H2 console available at '/h2'. Database available at 'jdbc:h2:mem:testdb'
2021-01-05 12:41:36.541  INFO 1276 --- [main] c.concatel.exam2.Exam2ApplicationTests   : Started Exam2ApplicationTests in 4.886 seconds (JVM running for 6.077)
2021-01-05 12:41:36.647  INFO 1276 --- [SpringContextShutdownHook] o.s.s.concurrent.ThreadPoolTaskExecutor  : Shutting down ExecutorService 'applicationTaskExecutor'
2021-01-05 12:41:36.648  INFO 1276 --- [SpringContextShutdownHook] j.LocalContainerEntityManagerFactoryBean : Closing JPA EntityManagerFactory for persistence unit 'default'
2021-01-05 12:41:36.648  INFO 1276 --- [SpringContextShutdownHook] .SchemaDropperImpl$DelayedDropActionImpl : HHH000477: Starting delayed evictData of schema as part of SessionFactory shut-down'
2021-01-05 12:41:36.649 DEBUG 1276 --- [SpringContextShutdownHook] org.hibernate.SQL                        : drop table if exists dispositivo CASCADE 
2021-01-05 12:41:36.656  INFO 1276 --- [SpringContextShutdownHook] com.zaxxer.hikari.HikariDataSource       : HikariPool-1 - Shutdown initiated...
2021-01-05 12:41:36.659  INFO 1276 --- [SpringContextShutdownHook] com.zaxxer.hikari.HikariDataSource       : HikariPool-1 - Shutdown completed.
2021-01-05 12:43:11.716  INFO 17368 --- [main] c.concatel.exam2.Exam2ApplicationTests   : Starting Exam2ApplicationTests using Java 1.8.0_181 on DESKTOP-CPVS42F with PID 17368 (started by carlos pc in C:\workspace\exam2)
2021-01-05 12:43:11.719  INFO 17368 --- [main] c.concatel.exam2.Exam2ApplicationTests   : No active profile set, falling back to default profiles: default
2021-01-05 12:43:12.347  INFO 17368 --- [main] .s.d.r.c.RepositoryConfigurationDelegate : Bootstrapping Spring Data JPA repositories in DEFAULT mode.
2021-01-05 12:43:12.365  INFO 17368 --- [main] .s.d.r.c.RepositoryConfigurationDelegate : Finished Spring Data repository scanning in 8 ms. Found 0 JPA repository interfaces.
2021-01-05 12:43:12.812  INFO 17368 --- [main] trationDelegate$BeanPostProcessorChecker : Bean 'org.springframework.hateoas.config.HateoasConfiguration' of type [org.springframework.hateoas.config.HateoasConfiguration] is not eligible for getting processed by all BeanPostProcessors (for example: not eligible for auto-proxying)
2021-01-05 12:43:12.823  INFO 17368 --- [main] trationDelegate$BeanPostProcessorChecker : Bean 'relProviderPluginRegistry' of type [org.springframework.plugin.core.support.PluginRegistryFactoryBean] is not eligible for getting processed by all BeanPostProcessors (for example: not eligible for auto-proxying)
2021-01-05 12:43:12.831  INFO 17368 --- [main] trationDelegate$BeanPostProcessorChecker : Bean 'relProviderPluginRegistry' of type [org.springframework.plugin.core.OrderAwarePluginRegistry] is not eligible for getting processed by all BeanPostProcessors (for example: not eligible for auto-proxying)
2021-01-05 12:43:12.838  INFO 17368 --- [main] trationDelegate$BeanPostProcessorChecker : Bean '_relProvider' of type [org.springframework.hateoas.server.core.DelegatingLinkRelationProvider] is not eligible for getting processed by all BeanPostProcessors (for example: not eligible for auto-proxying)
2021-01-05 12:43:12.846  INFO 17368 --- [main] trationDelegate$BeanPostProcessorChecker : Bean 'messageResolver' of type [org.springframework.hateoas.mediatype.MessageSourceResolver] is not eligible for getting processed by all BeanPostProcessors (for example: not eligible for auto-proxying)
2021-01-05 12:43:12.849  INFO 17368 --- [main] trationDelegate$BeanPostProcessorChecker : Bean 'org.springframework.data.web.config.SpringDataJacksonConfiguration' of type [org.springframework.data.web.config.SpringDataJacksonConfiguration] is not eligible for getting processed by all BeanPostProcessors (for example: not eligible for auto-proxying)
2021-01-05 12:43:12.865  INFO 17368 --- [main] trationDelegate$BeanPostProcessorChecker : Bean 'jacksonGeoModule' of type [org.springframework.data.geo.GeoModule] is not eligible for getting processed by all BeanPostProcessors (for example: not eligible for auto-proxying)
2021-01-05 12:43:12.889  INFO 17368 --- [main] trationDelegate$BeanPostProcessorChecker : Bean 'org.springframework.boot.autoconfigure.data.rest.RepositoryRestMvcAutoConfiguration' of type [org.springframework.boot.autoconfigure.data.rest.RepositoryRestMvcAutoConfiguration] is not eligible for getting processed by all BeanPostProcessors (for example: not eligible for auto-proxying)
2021-01-05 12:43:12.894  INFO 17368 --- [main] trationDelegate$BeanPostProcessorChecker : Bean 'org.springframework.boot.autoconfigure.jackson.JacksonAutoConfiguration$JacksonObjectMapperBuilderConfiguration' of type [org.springframework.boot.autoconfigure.jackson.JacksonAutoConfiguration$JacksonObjectMapperBuilderConfiguration] is not eligible for getting processed by all BeanPostProcessors (for example: not eligible for auto-proxying)
2021-01-05 12:43:12.897  INFO 17368 --- [main] trationDelegate$BeanPostProcessorChecker : Bean 'org.springframework.boot.autoconfigure.jackson.JacksonAutoConfiguration$Jackson2ObjectMapperBuilderCustomizerConfiguration' of type [org.springframework.boot.autoconfigure.jackson.JacksonAutoConfiguration$Jackson2ObjectMapperBuilderCustomizerConfiguration] is not eligible for getting processed by all BeanPostProcessors (for example: not eligible for auto-proxying)
2021-01-05 12:43:12.914  INFO 17368 --- [main] trationDelegate$BeanPostProcessorChecker : Bean 'spring.jackson-org.springframework.boot.autoconfigure.jackson.JacksonProperties' of type [org.springframework.boot.autoconfigure.jackson.JacksonProperties] is not eligible for getting processed by all BeanPostProcessors (for example: not eligible for auto-proxying)
2021-01-05 12:43:12.919  INFO 17368 --- [main] trationDelegate$BeanPostProcessorChecker : Bean 'standardJacksonObjectMapperBuilderCustomizer' of type [org.springframework.boot.autoconfigure.jackson.JacksonAutoConfiguration$Jackson2ObjectMapperBuilderCustomizerConfiguration$StandardJackson2ObjectMapperBuilderCustomizer] is not eligible for getting processed by all BeanPostProcessors (for example: not eligible for auto-proxying)
2021-01-05 12:43:12.924  INFO 17368 --- [main] trationDelegate$BeanPostProcessorChecker : Bean 'org.springframework.boot.autoconfigure.jackson.JacksonAutoConfiguration$ParameterNamesModuleConfiguration' of type [org.springframework.boot.autoconfigure.jackson.JacksonAutoConfiguration$ParameterNamesModuleConfiguration] is not eligible for getting processed by all BeanPostProcessors (for example: not eligible for auto-proxying)
2021-01-05 12:43:12.929  INFO 17368 --- [main] trationDelegate$BeanPostProcessorChecker : Bean 'parameterNamesModule' of type [com.fasterxml.jackson.module.paramnames.ParameterNamesModule] is not eligible for getting processed by all BeanPostProcessors (for example: not eligible for auto-proxying)
2021-01-05 12:43:12.932  INFO 17368 --- [main] trationDelegate$BeanPostProcessorChecker : Bean 'org.springframework.boot.autoconfigure.jackson.JacksonAutoConfiguration' of type [org.springframework.boot.autoconfigure.jackson.JacksonAutoConfiguration] is not eligible for getting processed by all BeanPostProcessors (for example: not eligible for auto-proxying)
2021-01-05 12:43:12.942  INFO 17368 --- [main] trationDelegate$BeanPostProcessorChecker : Bean 'jsonComponentModule' of type [org.springframework.boot.jackson.JsonComponentModule] is not eligible for getting processed by all BeanPostProcessors (for example: not eligible for auto-proxying)
2021-01-05 12:43:12.948  INFO 17368 --- [main] trationDelegate$BeanPostProcessorChecker : Bean 'jacksonObjectMapperBuilder' of type [org.springframework.http.converter.json.Jackson2ObjectMapperBuilder] is not eligible for getting processed by all BeanPostProcessors (for example: not eligible for auto-proxying)
2021-01-05 12:43:12.958  INFO 17368 --- [main] trationDelegate$BeanPostProcessorChecker : Bean 'spring.data.rest-org.springframework.boot.autoconfigure.data.rest.RepositoryRestProperties' of type [org.springframework.boot.autoconfigure.data.rest.RepositoryRestProperties] is not eligible for getting processed by all BeanPostProcessors (for example: not eligible for auto-proxying)
2021-01-05 12:43:12.958  INFO 17368 --- [main] trationDelegate$BeanPostProcessorChecker : Bean 'springBootRepositoryRestConfigurer' of type [org.springframework.boot.autoconfigure.data.rest.SpringBootRepositoryRestConfigurer] is not eligible for getting processed by all BeanPostProcessors (for example: not eligible for auto-proxying)
2021-01-05 12:43:12.962  INFO 17368 --- [main] trationDelegate$BeanPostProcessorChecker : Bean 'configurerDelegate' of type [org.springframework.data.rest.webmvc.config.RepositoryRestConfigurerDelegate] is not eligible for getting processed by all BeanPostProcessors (for example: not eligible for auto-proxying)
2021-01-05 12:43:12.969  INFO 17368 --- [main] trationDelegate$BeanPostProcessorChecker : Bean 'org.springframework.boot.autoconfigure.http.HttpMessageConvertersAutoConfiguration$StringHttpMessageConverterConfiguration' of type [org.springframework.boot.autoconfigure.http.HttpMessageConvertersAutoConfiguration$StringHttpMessageConverterConfiguration] is not eligible for getting processed by all BeanPostProcessors (for example: not eligible for auto-proxying)
2021-01-05 12:43:12.979  INFO 17368 --- [main] trationDelegate$BeanPostProcessorChecker : Bean 'stringHttpMessageConverter' of type [org.springframework.http.converter.StringHttpMessageConverter] is not eligible for getting processed by all BeanPostProcessors (for example: not eligible for auto-proxying)
2021-01-05 12:43:12.982  INFO 17368 --- [main] trationDelegate$BeanPostProcessorChecker : Bean 'org.springframework.boot.autoconfigure.http.JacksonHttpMessageConvertersConfiguration$MappingJackson2HttpMessageConverterConfiguration' of type [org.springframework.boot.autoconfigure.http.JacksonHttpMessageConvertersConfiguration$MappingJackson2HttpMessageConverterConfiguration] is not eligible for getting processed by all BeanPostProcessors (for example: not eligible for auto-proxying)
2021-01-05 12:43:12.984  INFO 17368 --- [main] trationDelegate$BeanPostProcessorChecker : Bean 'org.springframework.boot.autoconfigure.jackson.JacksonAutoConfiguration$JacksonObjectMapperConfiguration' of type [org.springframework.boot.autoconfigure.jackson.JacksonAutoConfiguration$JacksonObjectMapperConfiguration] is not eligible for getting processed by all BeanPostProcessors (for example: not eligible for auto-proxying)
2021-01-05 12:43:12.988  INFO 17368 --- [main] trationDelegate$BeanPostProcessorChecker : Bean 'jacksonObjectMapperBuilder' of type [org.springframework.http.converter.json.Jackson2ObjectMapperBuilder] is not eligible for getting processed by all BeanPostProcessors (for example: not eligible for auto-proxying)
2021-01-05 12:43:13.017  INFO 17368 --- [main] trationDelegate$BeanPostProcessorChecker : Bean 'jacksonObjectMapper' of type [com.fasterxml.jackson.databind.ObjectMapper] is not eligible for getting processed by all BeanPostProcessors (for example: not eligible for auto-proxying)
2021-01-05 12:43:13.029  INFO 17368 --- [main] trationDelegate$BeanPostProcessorChecker : Bean 'mappingJackson2HttpMessageConverter' of type [org.springframework.http.converter.json.MappingJackson2HttpMessageConverter] is not eligible for getting processed by all BeanPostProcessors (for example: not eligible for auto-proxying)
2021-01-05 12:43:13.030  INFO 17368 --- [main] trationDelegate$BeanPostProcessorChecker : Bean 'org.springframework.data.rest.webmvc.config.RepositoryRestMvcConfiguration' of type [org.springframework.data.rest.webmvc.config.RepositoryRestMvcConfiguration] is not eligible for getting processed by all BeanPostProcessors (for example: not eligible for auto-proxying)
2021-01-05 12:43:13.189  INFO 17368 --- [main] com.zaxxer.hikari.HikariDataSource       : HikariPool-1 - Starting...
2021-01-05 12:43:13.425  INFO 17368 --- [main] com.zaxxer.hikari.HikariDataSource       : HikariPool-1 - Start completed.
2021-01-05 12:43:13.512  INFO 17368 --- [main] o.hibernate.jpa.internal.util.LogHelper  : HHH000204: Processing PersistenceUnitInfo [name: default]
2021-01-05 12:43:13.587  INFO 17368 --- [main] org.hibernate.Version                    : HHH000412: Hibernate ORM core version 5.4.25.Final
2021-01-05 12:43:13.762  INFO 17368 --- [main] o.hibernate.annotations.common.Version   : HCANN000001: Hibernate Commons Annotations {5.1.2.Final}
2021-01-05 12:43:14.217  INFO 17368 --- [main] org.hibernate.dialect.Dialect            : HHH000400: Using dialect: org.hibernate.dialect.H2Dialect
2021-01-05 12:43:14.848 DEBUG 17368 --- [main] org.hibernate.SQL                        : drop table if exists dispositivo CASCADE 
2021-01-05 12:43:14.852 DEBUG 17368 --- [main] org.hibernate.SQL                        : create table dispositivo (id_dispositivo bigint generated by default as identity, valor_actual integer, valor_inicial integer, primary key (id_dispositivo))
2021-01-05 12:43:14.863  INFO 17368 --- [main] o.h.e.t.j.p.i.JtaPlatformInitiator       : HHH000490: Using JtaPlatform implementation: [org.hibernate.engine.transaction.jta.platform.internal.NoJtaPlatform]
2021-01-05 12:43:14.872  INFO 17368 --- [main] j.LocalContainerEntityManagerFactoryBean : Initialized JPA EntityManagerFactory for persistence unit 'default'
2021-01-05 12:43:15.135  WARN 17368 --- [main] JpaBaseConfiguration$JpaWebConfiguration : spring.jpa.open-in-view is enabled by default. Therefore, database queries may be performed during view rendering. Explicitly configure spring.jpa.open-in-view to disable this warning
2021-01-05 12:43:15.486  INFO 17368 --- [main] o.s.s.concurrent.ThreadPoolTaskExecutor  : Initializing ExecutorService 'applicationTaskExecutor'
2021-01-05 12:43:15.579  INFO 17368 --- [main] o.s.b.a.h2.H2ConsoleAutoConfiguration    : H2 console available at '/h2'. Database available at 'jdbc:h2:mem:testdb'
2021-01-05 12:43:16.204  INFO 17368 --- [main] c.concatel.exam2.Exam2ApplicationTests   : Started Exam2ApplicationTests in 4.761 seconds (JVM running for 5.877)
2021-01-05 12:43:16.308  INFO 17368 --- [SpringContextShutdownHook] o.s.s.concurrent.ThreadPoolTaskExecutor  : Shutting down ExecutorService 'applicationTaskExecutor'
2021-01-05 12:43:16.309  INFO 17368 --- [SpringContextShutdownHook] j.LocalContainerEntityManagerFactoryBean : Closing JPA EntityManagerFactory for persistence unit 'default'
2021-01-05 12:43:16.309  INFO 17368 --- [SpringContextShutdownHook] .SchemaDropperImpl$DelayedDropActionImpl : HHH000477: Starting delayed evictData of schema as part of SessionFactory shut-down'
2021-01-05 12:43:16.310 DEBUG 17368 --- [SpringContextShutdownHook] org.hibernate.SQL                        : drop table if exists dispositivo CASCADE 
2021-01-05 12:43:16.316  INFO 17368 --- [SpringContextShutdownHook] com.zaxxer.hikari.HikariDataSource       : HikariPool-1 - Shutdown initiated...
2021-01-05 12:43:16.319  INFO 17368 --- [SpringContextShutdownHook] com.zaxxer.hikari.HikariDataSource       : HikariPool-1 - Shutdown completed.
2021-01-05 16:56:02.515  WARN 10828 --- [http-nio-8008-exec-9] org.apache.catalina.connector.Request    : Creating the temporary upload location [C:\Users\carlos pc\AppData\Local\Temp\tomcat.8008.7007105612505961124\work\Tomcat\localhost\ROOT] as it is required by the servlet [dispatcherServlet]
2021-01-05 16:56:02.546  INFO 10828 --- [http-nio-8008-exec-9] j.bytecode.stackmap.TypeData$ClassName   : inicio metodo update 
2021-01-05 16:56:05.607  INFO 10828 --- [http-nio-8008-exec-9] j.bytecode.stackmap.TypeData$ClassName   : inicio metodo valorInicial 
2021-01-05 16:56:05.960  INFO 10828 --- [http-nio-8008-exec-9] j.bytecode.stackmap.TypeData$ClassName   : fin metodo valorInicial 
2021-01-05 16:56:11.702  INFO 10828 --- [http-nio-8008-exec-10] j.bytecode.stackmap.TypeData$ClassName   : inicio metodo create 
2021-01-05 16:56:13.631  INFO 10828 --- [http-nio-8008-exec-10] j.bytecode.stackmap.TypeData$ClassName   : inicio metodo start 
2021-01-05 16:56:23.145  INFO 10828 --- [http-nio-8008-exec-7] j.bytecode.stackmap.TypeData$ClassName   : inicio metodo valorActual 
2021-01-05 16:56:23.145  INFO 10828 --- [http-nio-8008-exec-7] j.bytecode.stackmap.TypeData$ClassName   : inicio metodo valorActual 
2021-01-05 16:56:24.355  INFO 10828 --- [http-nio-8008-exec-2] j.bytecode.stackmap.TypeData$ClassName   : inicio metodo valorActual 
2021-01-05 16:56:24.355  INFO 10828 --- [http-nio-8008-exec-2] j.bytecode.stackmap.TypeData$ClassName   : inicio metodo valorActual 
2021-01-05 16:56:27.616  INFO 10828 --- [http-nio-8008-exec-3] j.bytecode.stackmap.TypeData$ClassName   : inicio metodo valorActual 
2021-01-05 16:56:27.617  INFO 10828 --- [http-nio-8008-exec-3] j.bytecode.stackmap.TypeData$ClassName   : inicio metodo valorActual 
2021-01-05 16:56:31.773  INFO 10828 --- [http-nio-8008-exec-4] j.bytecode.stackmap.TypeData$ClassName   : inicio metodo valorActual 
2021-01-05 16:56:31.774  INFO 10828 --- [http-nio-8008-exec-4] j.bytecode.stackmap.TypeData$ClassName   : inicio metodo valorActual 
2021-01-05 16:56:32.852  INFO 10828 --- [http-nio-8008-exec-6] j.bytecode.stackmap.TypeData$ClassName   : inicio metodo valorActual 
2021-01-05 16:56:32.852  INFO 10828 --- [http-nio-8008-exec-6] j.bytecode.stackmap.TypeData$ClassName   : inicio metodo valorActual 
2021-01-05 16:56:33.830  INFO 10828 --- [http-nio-8008-exec-5] j.bytecode.stackmap.TypeData$ClassName   : inicio metodo valorActual 
2021-01-05 16:56:33.830  INFO 10828 --- [http-nio-8008-exec-5] j.bytecode.stackmap.TypeData$ClassName   : inicio metodo valorActual 
2021-01-05 16:56:35.345  INFO 10828 --- [http-nio-8008-exec-8] j.bytecode.stackmap.TypeData$ClassName   : inicio metodo valorActual 
2021-01-05 16:56:35.345  INFO 10828 --- [http-nio-8008-exec-8] j.bytecode.stackmap.TypeData$ClassName   : inicio metodo valorActual 
2021-01-05 16:56:36.611  INFO 10828 --- [http-nio-8008-exec-9] j.bytecode.stackmap.TypeData$ClassName   : inicio metodo valorActual 
2021-01-05 16:56:36.612  INFO 10828 --- [http-nio-8008-exec-9] j.bytecode.stackmap.TypeData$ClassName   : inicio metodo valorActual 
2021-01-05 16:56:37.640  INFO 10828 --- [http-nio-8008-exec-1] j.bytecode.stackmap.TypeData$ClassName   : inicio metodo valorActual 
2021-01-05 16:56:37.640  INFO 10828 --- [http-nio-8008-exec-1] j.bytecode.stackmap.TypeData$ClassName   : inicio metodo valorActual 
2021-01-05 16:56:38.111  INFO 10828 --- [http-nio-8008-exec-10] j.bytecode.stackmap.TypeData$ClassName   : fin metodo start 
2021-01-05 16:56:38.331  INFO 10828 --- [http-nio-8008-exec-7] j.bytecode.stackmap.TypeData$ClassName   : inicio metodo valorActual 
2021-01-05 16:56:38.332  INFO 10828 --- [http-nio-8008-exec-7] j.bytecode.stackmap.TypeData$ClassName   : inicio metodo valorActual 
2021-01-05 16:56:39.058  INFO 10828 --- [http-nio-8008-exec-2] j.bytecode.stackmap.TypeData$ClassName   : inicio metodo valorActual 
2021-01-05 16:56:39.058  INFO 10828 --- [http-nio-8008-exec-2] j.bytecode.stackmap.TypeData$ClassName   : inicio metodo valorActual 
2021-01-05 17:01:28.265  INFO 10828 --- [RMI TCP Connection(344)-127.0.0.1] inMXBeanRegistrar$SpringApplicationAdmin : Application shutdown requested.
2021-01-05 17:01:28.593  INFO 10828 --- [RMI TCP Connection(344)-127.0.0.1] o.s.s.concurrent.ThreadPoolTaskExecutor  : Shutting down ExecutorService 'applicationTaskExecutor'
2021-01-05 17:01:28.593  INFO 10828 --- [RMI TCP Connection(344)-127.0.0.1] j.LocalContainerEntityManagerFactoryBean : Closing JPA EntityManagerFactory for persistence unit 'default'
2021-01-05 17:01:28.594  INFO 10828 --- [RMI TCP Connection(344)-127.0.0.1] .SchemaDropperImpl$DelayedDropActionImpl : HHH000477: Starting delayed evictData of schema as part of SessionFactory shut-down'
2021-01-05 17:01:28.624 DEBUG 10828 --- [RMI TCP Connection(344)-127.0.0.1] org.hibernate.SQL                        : drop table if exists dispositivo CASCADE 
2021-01-05 17:01:28.633  INFO 10828 --- [RMI TCP Connection(344)-127.0.0.1] com.zaxxer.hikari.HikariDataSource       : HikariPool-1 - Shutdown initiated...
2021-01-05 17:01:28.638  INFO 10828 --- [RMI TCP Connection(344)-127.0.0.1] com.zaxxer.hikari.HikariDataSource       : HikariPool-1 - Shutdown completed.
